<?xml version="1.0" encoding="UTF-8"?>
<!-- Generated by org.testng.reporters.JUnitReportReporter -->
<testsuite hostname="DESKTOP-RGULHIU" failures="0" tests="1" name="orobatask.LoginTestWithExtentReport" time="7.930" errors="0" timestamp="30 Nov 2024 11:10:00 GMT">
  <testcase classname="orobatask.LoginTestWithExtentReport" name="testLogin" time="7.930"/>
</testsuite> <!-- orobatask.LoginTestWithExtentReport -->
